[2011-10-20 13:47:46] [INFO] ConvertPathToURI: SiteRoot=D:/InetPub/Wpc/Wpc Admin, Path: D:/Inetpub/Wpc/Current/Common/Files/dev.wpc.nu/mcith/mcith_270.gif -> URI: ommon/Files/dev.wpc.nu/mcith/mcith_270.gif
[2011-10-20 13:47:46] [INFO] ConvertPathToURI: SiteRoot=D:/InetPub/Wpc/Wpc Admin, Path: D:/Inetpub/Wpc/Current/Common/Files/dev.wpc.nu/270.gif -> URI: ommon/Files/dev.wpc.nu/270.gif
[2011-10-20 13:48:46] [INFO] ConvertPathToURI: SiteRoot=D:/InetPub/Wpc/Wpc Admin/, Path: D:/Inetpub/Wpc/Current/Common/Files/dev.wpc.nu/mcith/mcith_270.gif -> URI: ommon/Files/dev.wpc.nu/mcith/mcith_270.gif
[2011-10-20 13:48:46] [INFO] ConvertPathToURI: SiteRoot=D:/InetPub/Wpc/Wpc Admin/, Path: D:/Inetpub/Wpc/Current/Common/Files/dev.wpc.nu/270.gif -> URI: mmon/Files/dev.wpc.nu/270.gif
[2011-10-20 13:50:21] [INFO] ConvertPathToURI: SiteRoot=D:/InetPub/Wpc/Wpc Admin/, Path: D:/Inetpub/Wpc/Current/Common/Files/dev.wpc.nu/mcith/mcith_270.gif -> URI: ommon/Files/dev.wpc.nu/mcith/mcith_270.gif
[2011-10-20 13:50:21] [INFO] ConvertPathToURI: SiteRoot=D:/InetPub/Wpc/Wpc Admin/, Path: D:/Inetpub/Wpc/Current/Common/Files/dev.wpc.nu/270.gif -> URI: mmon/Files/dev.wpc.nu/270.gif
[2011-10-20 13:51:04] [INFO] ConvertPathToURI: SiteRoot=D:/InetPub/Wpc/Wpc Admin, Path: D:/Inetpub/Wpc/Current/Common/Files/dev.wpc.nu/mcith/mcith_270.gif -> URI: ommon/Files/dev.wpc.nu/mcith/mcith_270.gif
[2011-10-20 13:51:04] [INFO] ConvertPathToURI: SiteRoot=D:/InetPub/Wpc/Wpc Admin, Path: D:/Inetpub/Wpc/Current/Common/Files/dev.wpc.nu/270.gif -> URI: ommon/Files/dev.wpc.nu/270.gif
[2011-10-20 13:54:34] [INFO] ConvertPathToURI: SiteRoot=d:/inetput/wpc/current/common/files, Path: D:/InetPub/Wpc/Current/Common/Files/dev.wpc.nu/mcith/mcith_270.gif -> URI: /dev.wpc.nu/mcith/mcith_270.gif
[2011-10-20 13:54:34] [INFO] ConvertPathToURI: SiteRoot=d:/inetput/wpc/current/common/files, Path: D:/InetPub/Wpc/Current/Common/Files/dev.wpc.nu/270.gif -> URI: /dev.wpc.nu/270.gif
[2011-10-20 13:56:41] [INFO] ConvertPathToURI: SiteRoot=d:/inetput/wpc/current/common/files, Path: D:/InetPub/Wpc/Current/Common/Files/dev.wpc.nu/mcith/mcith_270.gif -> URI: /dev.wpc.nu/mcith/mcith_270.gif
[2011-10-20 13:56:41] [INFO] ConvertPathToURI: SiteRoot=d:/inetput/wpc/current/common/files, Path: D:/InetPub/Wpc/Current/Common/Files/dev.wpc.nu/270.gif -> URI: /dev.wpc.nu/270.gif
[2011-10-20 14:00:14] [INFO] ConvertPathToURI: SiteRoot=d:/inetput/wpc/current/common/files, Path: D:/InetPub/Wpc/Current/Common/Files/dev.wpc.nu/mcith/mcith_270.gif -> URI: /dev.wpc.nu/mcith/mcith_270.gif
[2011-10-20 14:00:14] [INFO] ConvertPathToURI: SiteRoot=d:/inetput/wpc/current/common/files, Path: D:/InetPub/Wpc/Current/Common/Files/dev.wpc.nu/270.gif -> URI: /dev.wpc.nu/270.gif
[2011-10-20 14:03:32] [INFO] ConvertPathToURI: SiteRoot=d:/inetput/wpc/current/common/files, Path: D:/InetPub/Wpc/Current/Common/Files/dev.wpc.nu/mcith/mcith_270.gif -> URI: /dev.wpc.nu/mcith/mcith_270.gif
[2011-10-20 14:03:32] [INFO] ConvertPathToURI: SiteRoot=d:/inetput/wpc/current/common/files, Path: D:/InetPub/Wpc/Current/Common/Files/dev.wpc.nu/270.gif -> URI: /dev.wpc.nu/270.gif
[2011-10-20 14:06:26] [INFO] ConvertPathToURI: SiteRoot=d:/inetput/wpc/current/common/files, Path: D:/InetPub/Wpc/Current/Common/Files/dev.wpc.nu/mcith/mcith_270.gif -> URI: /dev.wpc.nu/mcith/mcith_270.gif
[2011-10-20 14:06:26] [INFO] ConvertPathToURI: SiteRoot=d:/inetput/wpc/current/common/files, Path: D:/InetPub/Wpc/Current/Common/Files/dev.wpc.nu/270.gif -> URI: /dev.wpc.nu/270.gif
[2011-10-20 14:12:00] [INFO] ConvertPathToURI: SiteRoot=d:/inetput/wpc/current/common/files, Path: D:/InetPub/Wpc/Current/Common/Files/dev.wpc.nu/mcith/mcith_270.gif -> URI: /dev.wpc.nu/mcith/mcith_270.gif
[2011-10-20 14:12:00] [INFO] ConvertPathToURI: SiteRoot=d:/inetput/wpc/current/common/files, Path: D:/InetPub/Wpc/Current/Common/Files/dev.wpc.nu/270.gif -> URI: /dev.wpc.nu/270.gif
[2011-10-20 14:12:49] [INFO] ConvertPathToURI: SiteRoot=d:/inetput/wpc/current/wpc admin, Path: D:/InetPub/Wpc/Current/Common/Files/dev.wpc.nu/mcith/mcith_270.gif -> URI: les/dev.wpc.nu/mcith/mcith_270.gif
[2011-10-20 14:12:49] [INFO] ConvertPathToURI: SiteRoot=d:/inetput/wpc/current/wpc admin, Path: D:/InetPub/Wpc/Current/Common/Files/dev.wpc.nu/270.gif -> URI: les/dev.wpc.nu/270.gif
[2011-10-20 14:13:22] [INFO] ConvertPathToURI: SiteRoot=d:/inetput/wpc/current/common/files, Path: D:/InetPub/Wpc/Current/Common/Files/dev.wpc.nu/mcith/mcith_270.gif -> URI: /dev.wpc.nu/mcith/mcith_270.gif
[2011-10-20 14:13:22] [INFO] ConvertPathToURI: SiteRoot=d:/inetput/wpc/current/common/files, Path: D:/InetPub/Wpc/Current/Common/Files/dev.wpc.nu/270.gif -> URI: /dev.wpc.nu/270.gif
[2011-10-20 14:13:51] [INFO] ConvertURIToPath: SiteRoot=d:/inetput/wpc/current/common/files, URI: /CommonResources/Files/dev.wpc.nu/images -> Path: d:/inetput/wpc/current/common/files/CommonResources/Files/dev.wpc.nu/images
[2011-10-20 14:13:51] [INFO] ConvertURIToPath: SiteRoot=d:/inetput/wpc/current/common/files, URI: /CommonResources/Files/dev.wpc.nu/images -> Path: d:/inetput/wpc/current/common/files/CommonResources/Files/dev.wpc.nu/images
[2011-10-20 14:13:53] [INFO] ConvertPathToURI: SiteRoot=d:/inetput/wpc/current/common/files, Path: D:/InetPub/Wpc/Current/Common/Files/dev.wpc.nu/mcith/mcith_270.gif -> URI: /dev.wpc.nu/mcith/mcith_270.gif
[2011-10-20 14:13:53] [INFO] ConvertPathToURI: SiteRoot=d:/inetput/wpc/current/common/files, Path: D:/InetPub/Wpc/Current/Common/Files/dev.wpc.nu/270.gif -> URI: /dev.wpc.nu/270.gif
[2011-10-20 14:35:51] [INFO] ConvertPathToURI: SiteRoot=d:/inetput/wpc/current/common/files, Path: D:/InetPub/Wpc/Current/Common/Files/dev.wpc.nu/mcith/mcith_270.gif -> URI: /dev.wpc.nu/mcith/mcith_270.gif
[2011-10-20 14:35:51] [INFO] ConvertPathToURI: SiteRoot=d:/inetput/wpc/current/common/files, Path: D:/InetPub/Wpc/Current/Common/Files/dev.wpc.nu/270.gif -> URI: /dev.wpc.nu/270.gif
[2011-10-20 15:33:43] [INFO] ConvertPathToURI: SiteRoot=d:/inetput/wpc/current/common/files, Path: D:/InetPub/Wpc/Current/Common/Files/dev.wpc.nu/flash/sifr/hem-anim.swf -> URI: /dev.wpc.nu/flash/sifr/hem-anim.swf
[2011-10-20 15:34:46] [INFO] ConvertPathToURI: SiteRoot=d:/inetput/wpc/current/common/files, Path: D:/InetPub/Wpc/Current/Common/Files/dev.wpc.nu/flash/sifr/neosans.swf -> URI: /dev.wpc.nu/flash/sifr/neosans.swf
[2011-10-20 15:34:48] [INFO] ConvertURIToPath: SiteRoot=d:/inetput/wpc/current/common/files, URI: /CommonResources/Files/dev.wpc.nu/flash/sifr -> Path: d:/inetput/wpc/current/common/files/CommonResources/Files/dev.wpc.nu/flash/sifr
[2011-10-20 15:34:49] [INFO] ConvertURIToPath: SiteRoot=d:/inetput/wpc/current/common/files, URI: /CommonResources/Files/dev.wpc.nu/flash/sifr -> Path: d:/inetput/wpc/current/common/files/CommonResources/Files/dev.wpc.nu/flash/sifr
[2011-10-20 15:35:01] [INFO] ConvertPathToURI: SiteRoot=d:/inetput/wpc/current/common/files, Path: D:/InetPub/Wpc/Current/Common/Files/dev2.wpc.nu/flash/sifr/neosans_.swf -> URI: /dev2.wpc.nu/flash/sifr/neosans_.swf
[2011-10-20 15:35:09] [INFO] ConvertURIToPath: SiteRoot=d:/inetput/wpc/current/common/files, URI: /CommonResources/Files/dev2.wpc.nu/flash/sifr -> Path: d:/inetput/wpc/current/common/files/CommonResources/Files/dev2.wpc.nu/flash/sifr
[2011-10-20 15:35:10] [INFO] ConvertURIToPath: SiteRoot=d:/inetput/wpc/current/common/files, URI: /CommonResources/Files/dev2.wpc.nu/flash/sifr -> Path: d:/inetput/wpc/current/common/files/CommonResources/Files/dev2.wpc.nu/flash/sifr
[2011-10-20 15:35:15] [INFO] ConvertPathToURI: SiteRoot=d:/inetput/wpc/current/common/files, Path: D:/InetPub/Wpc/Current/Common/Files/dev.wpc.nu/flash/sifr/hem-anim.swf -> URI: /dev.wpc.nu/flash/sifr/hem-anim.swf
[2011-10-20 15:35:39] [INFO] ConvertPathToURI: SiteRoot=d:/inetput/wpc/current/common/files, Path: D:/InetPub/Wpc/Current/Common/Files/dev.wpc.nu/flash/sifr/hem-anim-feb08.swf -> URI: /dev.wpc.nu/flash/sifr/hem-anim-feb08.swf
[2011-10-24 14:18:07] [INFO] ConvertPathToURI: SiteRoot=d:/inetput/wpc/current/common/files, Path: D:/InetPub/Wpc/Current/Common/Files/mcith/mcith_rockin-robin.jpg -> URI: /mcith/mcith_rockin-robin.jpg
[2011-10-24 14:18:07] [INFO] ConvertPathToURI: SiteRoot=d:/inetput/wpc/current/common/files, Path: D:/InetPub/Wpc/Current/Common/Files/rockin-robin.jpg -> URI: /rockin-robin.jpg
[2011-10-24 14:18:09] [INFO] ConvertPathToURI: SiteRoot=d:/inetput/wpc/current/common/files, Path: D:/InetPub/Wpc/Current/Common/Files/mcith/mcith_rockin-robin.jpg -> URI: /mcith/mcith_rockin-robin.jpg
[2011-10-24 14:18:09] [INFO] ConvertPathToURI: SiteRoot=d:/inetput/wpc/current/common/files, Path: D:/InetPub/Wpc/Current/Common/Files/rockin-robin.jpg -> URI: /rockin-robin.jpg
[2011-10-24 14:19:07] [INFO] ConvertPathToURI: SiteRoot=d:/inetput/wpc/current/common/files, Path: D:/InetPub/Wpc/Current/Common/Files/mcith/mcith_rockin-robin.jpg -> URI: /mcith/mcith_rockin-robin.jpg
[2011-10-24 14:19:07] [INFO] ConvertPathToURI: SiteRoot=d:/inetput/wpc/current/common/files, Path: D:/InetPub/Wpc/Current/Common/Files/rockin-robin.jpg -> URI: /rockin-robin.jpg
[2011-10-25 13:52:08] [INFO] ConvertPathToURI: SiteRoot=d:/inetput/wpc/current/common/files, Path: D:/InetPub/Wpc/Current/Common/Files/mcith/mcith_rockin-robin.jpg -> URI: /mcith/mcith_rockin-robin.jpg
[2011-10-25 13:52:08] [INFO] ConvertPathToURI: SiteRoot=d:/inetput/wpc/current/common/files, Path: D:/InetPub/Wpc/Current/Common/Files/rockin-robin.jpg -> URI: /rockin-robin.jpg
[2011-10-25 13:52:09] [INFO] ConvertPathToURI: SiteRoot=d:/inetput/wpc/current/common/files, Path: D:/InetPub/Wpc/Current/Common/Files/mcith/mcith_rockin-robin.jpg -> URI: /mcith/mcith_rockin-robin.jpg
[2011-10-25 13:52:09] [INFO] ConvertPathToURI: SiteRoot=d:/inetput/wpc/current/common/files, Path: D:/InetPub/Wpc/Current/Common/Files/rockin-robin.jpg -> URI: /rockin-robin.jpg
[2011-10-25 13:52:11] [INFO] ConvertPathToURI: SiteRoot=d:/inetput/wpc/current/common/files, Path: D:/InetPub/Wpc/Current/Common/Files/mcith/mcith_rockin-robin.jpg -> URI: /mcith/mcith_rockin-robin.jpg
[2011-10-25 13:52:11] [INFO] ConvertPathToURI: SiteRoot=d:/inetput/wpc/current/common/files, Path: D:/InetPub/Wpc/Current/Common/Files/rockin-robin.jpg -> URI: /rockin-robin.jpg
[2011-10-25 13:52:12] [INFO] ConvertPathToURI: SiteRoot=d:/inetput/wpc/current/common/files, Path: D:/InetPub/Wpc/Current/Common/Files/mcith/mcith_rockin-robin.jpg -> URI: /mcith/mcith_rockin-robin.jpg
[2011-10-25 13:52:12] [INFO] ConvertPathToURI: SiteRoot=d:/inetput/wpc/current/common/files, Path: D:/InetPub/Wpc/Current/Common/Files/rockin-robin.jpg -> URI: /rockin-robin.jpg
[2011-10-25 13:52:26] [INFO] ConvertPathToURI: SiteRoot=d:/inetput/wpc/current/common/files, Path: D:/InetPub/Wpc/Current/Common/Files/mcith/mcith_rockin-robin.jpg -> URI: /mcith/mcith_rockin-robin.jpg
[2011-10-25 13:52:26] [INFO] ConvertPathToURI: SiteRoot=d:/inetput/wpc/current/common/files, Path: D:/InetPub/Wpc/Current/Common/Files/rockin-robin.jpg -> URI: /rockin-robin.jpg
[2011-10-25 13:52:27] [INFO] ConvertPathToURI: SiteRoot=d:/inetput/wpc/current/common/files, Path: D:/InetPub/Wpc/Current/Common/Files/mcith/mcith_rockin-robin.jpg -> URI: /mcith/mcith_rockin-robin.jpg
[2011-10-25 13:52:27] [INFO] ConvertPathToURI: SiteRoot=d:/inetput/wpc/current/common/files, Path: D:/InetPub/Wpc/Current/Common/Files/rockin-robin.jpg -> URI: /rockin-robin.jpg
[2011-10-25 13:52:28] [INFO] ConvertPathToURI: SiteRoot=d:/inetput/wpc/current/common/files, Path: D:/InetPub/Wpc/Current/Common/Files/mcith/mcith_rockin-robin.jpg -> URI: /mcith/mcith_rockin-robin.jpg
[2011-10-25 13:52:28] [INFO] ConvertPathToURI: SiteRoot=d:/inetput/wpc/current/common/files, Path: D:/InetPub/Wpc/Current/Common/Files/rockin-robin.jpg -> URI: /rockin-robin.jpg
[2011-10-25 13:52:28] [INFO] ConvertPathToURI: SiteRoot=d:/inetput/wpc/current/common/files, Path: D:/InetPub/Wpc/Current/Common/Files/mcith/mcith_rockin-robin.jpg -> URI: /mcith/mcith_rockin-robin.jpg
[2011-10-25 13:52:28] [INFO] ConvertPathToURI: SiteRoot=d:/inetput/wpc/current/common/files, Path: D:/InetPub/Wpc/Current/Common/Files/rockin-robin.jpg -> URI: /rockin-robin.jpg
[2011-10-25 13:52:30] [INFO] ConvertPathToURI: SiteRoot=d:/inetput/wpc/current/common/files, Path: D:/InetPub/Wpc/Current/Common/Files/mcith/mcith_rockin-robin.jpg -> URI: /mcith/mcith_rockin-robin.jpg
[2011-10-25 13:52:30] [INFO] ConvertPathToURI: SiteRoot=d:/inetput/wpc/current/common/files, Path: D:/InetPub/Wpc/Current/Common/Files/rockin-robin.jpg -> URI: /rockin-robin.jpg
[2011-10-25 13:52:30] [INFO] ConvertPathToURI: SiteRoot=d:/inetput/wpc/current/common/files, Path: D:/InetPub/Wpc/Current/Common/Files/mcith/mcith_rockin-robin.jpg -> URI: /mcith/mcith_rockin-robin.jpg
[2011-10-25 13:52:30] [INFO] ConvertPathToURI: SiteRoot=d:/inetput/wpc/current/common/files, Path: D:/InetPub/Wpc/Current/Common/Files/rockin-robin.jpg -> URI: /rockin-robin.jpg
[2011-10-25 13:52:31] [INFO] ConvertPathToURI: SiteRoot=d:/inetput/wpc/current/common/files, Path: D:/InetPub/Wpc/Current/Common/Files/mcith/mcith_rockin-robin.jpg -> URI: /mcith/mcith_rockin-robin.jpg
[2011-10-25 13:52:31] [INFO] ConvertPathToURI: SiteRoot=d:/inetput/wpc/current/common/files, Path: D:/InetPub/Wpc/Current/Common/Files/rockin-robin.jpg -> URI: /rockin-robin.jpg
[2011-10-25 13:52:31] [INFO] ConvertPathToURI: SiteRoot=d:/inetput/wpc/current/common/files, Path: D:/InetPub/Wpc/Current/Common/Files/mcith/mcith_rockin-robin.jpg -> URI: /mcith/mcith_rockin-robin.jpg
[2011-10-25 13:52:31] [INFO] ConvertPathToURI: SiteRoot=d:/inetput/wpc/current/common/files, Path: D:/InetPub/Wpc/Current/Common/Files/rockin-robin.jpg -> URI: /rockin-robin.jpg
[2011-10-25 13:52:31] [INFO] ConvertPathToURI: SiteRoot=d:/inetput/wpc/current/common/files, Path: D:/InetPub/Wpc/Current/Common/Files/mcith/mcith_rockin-robin.jpg -> URI: /mcith/mcith_rockin-robin.jpg
[2011-10-25 13:52:31] [INFO] ConvertPathToURI: SiteRoot=d:/inetput/wpc/current/common/files, Path: D:/InetPub/Wpc/Current/Common/Files/rockin-robin.jpg -> URI: /rockin-robin.jpg
[2011-10-25 13:52:53] [INFO] ConvertPathToURI: SiteRoot=d:/inetput/wpc/current/common/files, Path: D:/Inetpub/Wpc/Current/Common/Files/dev.wpc.nu/mcith/mcith_270.gif -> URI: /dev.wpc.nu/mcith/mcith_270.gif
[2011-10-25 13:52:53] [INFO] ConvertPathToURI: SiteRoot=d:/inetput/wpc/current/common/files, Path: D:/Inetpub/Wpc/Current/Common/Files/dev.wpc.nu/270.gif -> URI: /dev.wpc.nu/270.gif
[2011-10-25 14:07:59] [INFO] ConvertPathToURI: SiteRoot=d:/inetput/wpc/current/common/files, Path: D:/InetPub/Wpc/Current/Common/Files/dev.wpc.nu/mcith/mcith_Jellyfish.jpg -> URI: /dev.wpc.nu/mcith/mcith_Jellyfish.jpg
[2011-10-25 14:07:59] [INFO] ConvertPathToURI: SiteRoot=d:/inetput/wpc/current/common/files, Path: D:/InetPub/Wpc/Current/Common/Files/dev.wpc.nu/Jellyfish.jpg -> URI: /dev.wpc.nu/Jellyfish.jpg
[2011-10-25 14:08:04] [INFO] ConvertPathToURI: SiteRoot=d:/inetput/wpc/current/common/files, Path: D:/InetPub/Wpc/Current/Common/Files/dev.wpc.nu/Jellyfish.jpg -> URI: /dev.wpc.nu/Jellyfish.jpg
[2011-10-25 14:08:04] [INFO] ConvertPathToURI: SiteRoot=d:/inetput/wpc/current/common/files, Path: D:/InetPub/Wpc/Current/Common/Files/dev.wpc.nu/Jellyfish.jpg -> URI: /dev.wpc.nu/Jellyfish.jpg
[2011-10-25 14:08:12] [INFO] ConvertPathToURI: SiteRoot=d:/inetput/wpc/current/common/files, Path: D:/InetPub/Wpc/Current/Common/Files/dev.wpc.nu/Kopia av L06RedMustang_small.JPG -> URI: /dev.wpc.nu/Kopia av L06RedMustang_small.JPG
[2011-10-25 14:08:12] [INFO] ConvertPathToURI: SiteRoot=d:/inetput/wpc/current/common/files, Path: D:/InetPub/Wpc/Current/Common/Files/dev.wpc.nu/Kopia av L06RedMustang_small.JPG -> URI: /dev.wpc.nu/Kopia av L06RedMustang_small.JPG
[2011-10-25 14:08:13] [INFO] ConvertPathToURI: SiteRoot=d:/inetput/wpc/current/common/files, Path: D:/InetPub/Wpc/Current/Common/Files/dev.wpc.nu/L06RedMustang_small.jpg -> URI: /dev.wpc.nu/L06RedMustang_small.jpg
[2011-10-25 14:08:13] [INFO] ConvertPathToURI: SiteRoot=d:/inetput/wpc/current/common/files, Path: D:/InetPub/Wpc/Current/Common/Files/dev.wpc.nu/L06RedMustang_small.jpg -> URI: /dev.wpc.nu/L06RedMustang_small.jpg
[2011-10-25 14:08:13] [INFO] ConvertPathToURI: SiteRoot=d:/inetput/wpc/current/common/files, Path: D:/InetPub/Wpc/Current/Common/Files/dev.wpc.nu/L06RedMustang_smallThumbnail.jpg -> URI: /dev.wpc.nu/L06RedMustang_smallThumbnail.jpg
[2011-10-25 14:08:13] [INFO] ConvertPathToURI: SiteRoot=d:/inetput/wpc/current/common/files, Path: D:/InetPub/Wpc/Current/Common/Files/dev.wpc.nu/L06RedMustang_smallThumbnail.jpg -> URI: /dev.wpc.nu/L06RedMustang_smallThumbnail.jpg
[2011-10-25 14:08:14] [INFO] ConvertPathToURI: SiteRoot=d:/inetput/wpc/current/common/files, Path: D:/InetPub/Wpc/Current/Common/Files/dev.wpc.nu/logo_alternative.gif -> URI: /dev.wpc.nu/logo_alternative.gif
[2011-10-25 14:08:14] [INFO] ConvertPathToURI: SiteRoot=d:/inetput/wpc/current/common/files, Path: D:/InetPub/Wpc/Current/Common/Files/dev.wpc.nu/logo_alternative.gif -> URI: /dev.wpc.nu/logo_alternative.gif
[2011-10-25 14:08:14] [INFO] ConvertPathToURI: SiteRoot=d:/inetput/wpc/current/common/files, Path: D:/InetPub/Wpc/Current/Common/Files/dev.wpc.nu/pnglogo-blk-sml1.png -> URI: /dev.wpc.nu/pnglogo-blk-sml1.png
[2011-10-25 14:08:14] [INFO] ConvertPathToURI: SiteRoot=d:/inetput/wpc/current/common/files, Path: D:/InetPub/Wpc/Current/Common/Files/dev.wpc.nu/pnglogo-blk-sml1.png -> URI: /dev.wpc.nu/pnglogo-blk-sml1.png
[2011-10-25 14:08:14] [INFO] ConvertPathToURI: SiteRoot=d:/inetput/wpc/current/common/files, Path: D:/InetPub/Wpc/Current/Common/Files/dev.wpc.nu/rss_48.png -> URI: /dev.wpc.nu/rss_48.png
[2011-10-25 14:08:14] [INFO] ConvertPathToURI: SiteRoot=d:/inetput/wpc/current/common/files, Path: D:/InetPub/Wpc/Current/Common/Files/dev.wpc.nu/rss_48.png -> URI: /dev.wpc.nu/rss_48.png
[2011-10-25 14:08:15] [INFO] ConvertPathToURI: SiteRoot=d:/inetput/wpc/current/common/files, Path: D:/InetPub/Wpc/Current/Common/Files/dev.wpc.nu/Untitled.png -> URI: /dev.wpc.nu/Untitled.png
[2011-10-25 14:08:15] [INFO] ConvertPathToURI: SiteRoot=d:/inetput/wpc/current/common/files, Path: D:/InetPub/Wpc/Current/Common/Files/dev.wpc.nu/Untitled.png -> URI: /dev.wpc.nu/Untitled.png
[2011-10-25 14:08:17] [INFO] ConvertPathToURI: SiteRoot=d:/inetput/wpc/current/common/files, Path: D:/InetPub/Wpc/Current/Common/Files/dev.wpc.nu/rss_48.png -> URI: /dev.wpc.nu/rss_48.png
[2011-10-25 14:08:17] [INFO] ConvertPathToURI: SiteRoot=d:/inetput/wpc/current/common/files, Path: D:/InetPub/Wpc/Current/Common/Files/dev.wpc.nu/pnglogo-blk-sml1.png -> URI: /dev.wpc.nu/pnglogo-blk-sml1.png
[2011-10-25 14:08:17] [INFO] ConvertPathToURI: SiteRoot=d:/inetput/wpc/current/common/files, Path: D:/InetPub/Wpc/Current/Common/Files/dev.wpc.nu/logo_alternative.gif -> URI: /dev.wpc.nu/logo_alternative.gif
[2011-10-25 14:08:17] [INFO] ConvertPathToURI: SiteRoot=d:/inetput/wpc/current/common/files, Path: D:/InetPub/Wpc/Current/Common/Files/dev.wpc.nu/L06RedMustang_smallThumbnail.jpg -> URI: /dev.wpc.nu/L06RedMustang_smallThumbnail.jpg
[2011-10-25 14:08:17] [INFO] ConvertPathToURI: SiteRoot=d:/inetput/wpc/current/common/files, Path: D:/InetPub/Wpc/Current/Common/Files/dev.wpc.nu/L06RedMustang_small.jpg -> URI: /dev.wpc.nu/L06RedMustang_small.jpg
[2011-10-25 14:08:17] [INFO] ConvertPathToURI: SiteRoot=d:/inetput/wpc/current/common/files, Path: D:/InetPub/Wpc/Current/Common/Files/dev.wpc.nu/Kopia av L06RedMustang_small.JPG -> URI: /dev.wpc.nu/Kopia av L06RedMustang_small.JPG
[2011-10-25 14:08:18] [INFO] ConvertPathToURI: SiteRoot=d:/inetput/wpc/current/common/files, Path: D:/InetPub/Wpc/Current/Common/Files/dev.wpc.nu/Jellyfish.jpg -> URI: /dev.wpc.nu/Jellyfish.jpg
[2011-10-25 14:08:18] [INFO] ConvertPathToURI: SiteRoot=d:/inetput/wpc/current/common/files, Path: D:/InetPub/Wpc/Current/Common/Files/dev.wpc.nu/afbygg.jpg -> URI: /dev.wpc.nu/afbygg.jpg
[2011-10-25 14:08:18] [INFO] ConvertPathToURI: SiteRoot=d:/inetput/wpc/current/common/files, Path: D:/InetPub/Wpc/Current/Common/Files/dev.wpc.nu/afbygg.jpg -> URI: /dev.wpc.nu/afbygg.jpg
[2011-10-25 14:08:18] [INFO] ConvertPathToURI: SiteRoot=d:/inetput/wpc/current/common/files, Path: D:/InetPub/Wpc/Current/Common/Files/dev.wpc.nu/794016_b.jpg -> URI: /dev.wpc.nu/794016_b.jpg
[2011-10-25 14:08:18] [INFO] ConvertPathToURI: SiteRoot=d:/inetput/wpc/current/common/files, Path: D:/InetPub/Wpc/Current/Common/Files/dev.wpc.nu/794016_b.jpg -> URI: /dev.wpc.nu/794016_b.jpg
[2011-10-25 14:08:18] [INFO] ConvertPathToURI: SiteRoot=d:/inetput/wpc/current/common/files, Path: D:/InetPub/Wpc/Current/Common/Files/dev.wpc.nu/270.gif -> URI: /dev.wpc.nu/270.gif
[2011-10-25 14:08:18] [INFO] ConvertPathToURI: SiteRoot=d:/inetput/wpc/current/common/files, Path: D:/InetPub/Wpc/Current/Common/Files/dev.wpc.nu/270.gif -> URI: /dev.wpc.nu/270.gif
[2011-10-25 14:30:22] [INFO] ConvertPathToURI: SiteRoot=d:/inetput/wpc/current/common/files, Path: D:/InetPub/Wpc/Current/Common/Files/mcith/mcith_rockin-robin.jpg -> URI: /mcith/mcith_rockin-robin.jpg
[2011-10-25 14:30:22] [INFO] ConvertPathToURI: SiteRoot=d:/inetput/wpc/current/common/files, Path: D:/InetPub/Wpc/Current/Common/Files/rockin-robin.jpg -> URI: /rockin-robin.jpg
[2011-10-25 14:30:25] [INFO] ConvertPathToURI: SiteRoot=d:/inetput/wpc/current/common/files, Path: D:/InetPub/Wpc/Current/Common/Files/rockin-robin.jpg -> URI: /rockin-robin.jpg
[2011-10-25 14:30:25] [INFO] ConvertPathToURI: SiteRoot=d:/inetput/wpc/current/common/files, Path: D:/InetPub/Wpc/Current/Common/Files/rockin-robin.jpg -> URI: /rockin-robin.jpg
[2011-10-25 14:30:28] [INFO] ConvertPathToURI: SiteRoot=d:/inetput/wpc/current/common/files, Path: D:/InetPub/Wpc/Current/Common/Files/rockin-robin.jpg -> URI: /rockin-robin.jpg
[2011-10-25 14:30:28] [INFO] ConvertPathToURI: SiteRoot=d:/inetput/wpc/current/common/files, Path: D:/InetPub/Wpc/Current/Common/Files/rockin-robin.jpg -> URI: /rockin-robin.jpg
[2011-10-25 14:30:41] [INFO] ConvertPathToURI: SiteRoot=d:/inetput/wpc/current/common/files, Path: D:/InetPub/Wpc/Current/Common/Files/mcic_55aw4gjwvje0kt55cmpe1p45.jpg -> URI: /mcic_55aw4gjwvje0kt55cmpe1p45.jpg
[2011-10-25 14:30:41] [INFO] ConvertPathToURI: SiteRoot=d:/inetput/wpc/current/common/files, Path: D:/InetPub/Wpc/Current/Common/Files/mcic_55aw4gjwvje0kt55cmpe1p45.jpg -> URI: /mcic_55aw4gjwvje0kt55cmpe1p45.jpg
[2011-10-25 14:30:45] [INFO] ConvertPathToURI: SiteRoot=d:/inetput/wpc/current/common/files, Path: D:/InetPub/Wpc/Current/Common/Files/rockin-robin.jpg -> URI: /rockin-robin.jpg
[2011-10-25 14:30:45] [INFO] ConvertPathToURI: SiteRoot=d:/inetput/wpc/current/common/files, Path: D:/InetPub/Wpc/Current/Common/Files/rockin-robin.jpg -> URI: /rockin-robin.jpg
[2011-10-25 14:30:48] [INFO] ConvertPathToURI: SiteRoot=d:/inetput/wpc/current/common/files, Path: D:/InetPub/Wpc/Current/Common/Files/rockin-robin.jpg -> URI: /rockin-robin.jpg
[2011-10-25 14:30:48] [INFO] ConvertPathToURI: SiteRoot=d:/inetput/wpc/current/common/files, Path: D:/InetPub/Wpc/Current/Common/Files/rockin-robin.jpg -> URI: /rockin-robin.jpg
[2011-10-25 14:30:51] [INFO] ConvertPathToURI: SiteRoot=d:/inetput/wpc/current/common/files, Path: D:/InetPub/Wpc/Current/Common/Files/mcic_55aw4gjwvje0kt55cmpe1p45.jpg -> URI: /mcic_55aw4gjwvje0kt55cmpe1p45.jpg
[2011-10-25 14:30:51] [INFO] ConvertPathToURI: SiteRoot=d:/inetput/wpc/current/common/files, Path: D:/InetPub/Wpc/Current/Common/Files/mcic_55aw4gjwvje0kt55cmpe1p45.jpg -> URI: /mcic_55aw4gjwvje0kt55cmpe1p45.jpg
[2011-10-25 14:30:54] [INFO] ConvertPathToURI: SiteRoot=d:/inetput/wpc/current/common/files, Path: D:/InetPub/Wpc/Current/Common/Files/rockin-robin.jpg -> URI: /rockin-robin.jpg
[2011-10-25 14:30:55] [INFO] ConvertPathToURI: SiteRoot=d:/inetput/wpc/current/common/files, Path: D:/InetPub/Wpc/Current/Common/Files/rockin-robin.jpg -> URI: /rockin-robin.jpg
[2011-10-25 14:31:09] [INFO] ConvertPathToURI: SiteRoot=d:/inetput/wpc/current/common/files, Path: D:/InetPub/Wpc/Current/Common/Files/mcith/mcith_rockin-robin.jpg -> URI: /mcith/mcith_rockin-robin.jpg
[2011-10-25 14:31:09] [INFO] ConvertPathToURI: SiteRoot=d:/inetput/wpc/current/common/files, Path: D:/InetPub/Wpc/Current/Common/Files/rockin-robin.jpg -> URI: /rockin-robin.jpg
[2011-10-25 14:31:10] [INFO] ConvertPathToURI: SiteRoot=d:/inetput/wpc/current/common/files, Path: D:/InetPub/Wpc/Current/Common/Files/mcith/mcith_rockin-robin.jpg -> URI: /mcith/mcith_rockin-robin.jpg
[2011-10-25 14:31:10] [INFO] ConvertPathToURI: SiteRoot=d:/inetput/wpc/current/common/files, Path: D:/InetPub/Wpc/Current/Common/Files/rockin-robin.jpg -> URI: /rockin-robin.jpg
[2011-10-25 14:31:11] [INFO] ConvertPathToURI: SiteRoot=d:/inetput/wpc/current/common/files, Path: D:/InetPub/Wpc/Current/Common/Files/mcith/mcith_rockin-robin.jpg -> URI: /mcith/mcith_rockin-robin.jpg
[2011-10-25 14:31:11] [INFO] ConvertPathToURI: SiteRoot=d:/inetput/wpc/current/common/files, Path: D:/InetPub/Wpc/Current/Common/Files/rockin-robin.jpg -> URI: /rockin-robin.jpg
[2011-10-25 14:31:12] [INFO] ConvertPathToURI: SiteRoot=d:/inetput/wpc/current/common/files, Path: D:/InetPub/Wpc/Current/Common/Files/rockin-robin.jpg -> URI: /rockin-robin.jpg
[2011-10-25 14:31:15] [INFO] ConvertPathToURI: SiteRoot=d:/inetput/wpc/current/common/files, Path: D:/InetPub/Wpc/Current/Common/Files/rockin-robin.jpg -> URI: /rockin-robin.jpg
[2011-10-25 14:31:28] [INFO] ConvertPathToURI: SiteRoot=d:/inetput/wpc/current/common/files, Path: D:/InetPub/Wpc/Current/Common/Files/mcith/mcith_rockin-robin.jpg -> URI: /mcith/mcith_rockin-robin.jpg
[2011-10-25 14:31:28] [INFO] ConvertPathToURI: SiteRoot=d:/inetput/wpc/current/common/files, Path: D:/InetPub/Wpc/Current/Common/Files/rockin-robin.jpg -> URI: /rockin-robin.jpg
[2011-10-25 14:31:31] [INFO] ConvertPathToURI: SiteRoot=d:/inetput/wpc/current/common/files, Path: D:/InetPub/Wpc/Current/Common/Files/rockin-robin.jpg -> URI: /rockin-robin.jpg
[2011-10-25 14:31:34] [INFO] ConvertPathToURI: SiteRoot=d:/inetput/wpc/current/common/files, Path: D:/InetPub/Wpc/Current/Common/Files/rockin-robin.jpg -> URI: /rockin-robin.jpg
[2011-10-25 14:31:34] [INFO] ConvertPathToURI: SiteRoot=d:/inetput/wpc/current/common/files, Path: D:/InetPub/Wpc/Current/Common/Files/rockin-robin.jpg -> URI: /rockin-robin.jpg
[2011-10-25 14:32:05] [INFO] ConvertPathToURI: SiteRoot=d:/inetput/wpc/current/common/files, Path: D:/InetPub/Wpc/Current/Common/Files/mcic_55aw4gjwvje0kt55cmpe1p45.jpg -> URI: /mcic_55aw4gjwvje0kt55cmpe1p45.jpg
[2011-10-25 14:32:05] [INFO] ConvertPathToURI: SiteRoot=d:/inetput/wpc/current/common/files, Path: D:/InetPub/Wpc/Current/Common/Files/mcic_55aw4gjwvje0kt55cmpe1p45.jpg -> URI: /mcic_55aw4gjwvje0kt55cmpe1p45.jpg
[2011-10-25 14:32:08] [INFO] ConvertPathToURI: SiteRoot=d:/inetput/wpc/current/common/files, Path: D:/InetPub/Wpc/Current/Common/Files/rockin-robin.jpg -> URI: /rockin-robin.jpg
[2011-10-25 14:32:08] [INFO] ConvertPathToURI: SiteRoot=d:/inetput/wpc/current/common/files, Path: D:/InetPub/Wpc/Current/Common/Files/rockin-robin.jpg -> URI: /rockin-robin.jpg
[2011-10-25 14:32:16] [INFO] ConvertPathToURI: SiteRoot=d:/inetput/wpc/current/common/files, Path: D:/InetPub/Wpc/Current/Common/Files/rockin-robin.jpg -> URI: /rockin-robin.jpg
[2011-10-25 14:32:26] [INFO] ConvertPathToURI: SiteRoot=d:/inetput/wpc/current/common/files, Path: D:/InetPub/Wpc/Current/Common/Files/rockin-robin.jpg -> URI: /rockin-robin.jpg
[2011-10-25 14:59:03] [INFO] ConvertPathToURI: SiteRoot=d:/inetput/wpc/current/common/files, Path: D:/InetPub/Wpc/Current/Common/Files/dev.wpc.nu/DocumentRoot/Administration/mcith/mcith_Desert.jpg -> URI: /dev.wpc.nu/DocumentRoot/Administration/mcith/mcith_Desert.jpg
[2011-10-25 14:59:03] [INFO] ConvertPathToURI: SiteRoot=d:/inetput/wpc/current/common/files, Path: D:/InetPub/Wpc/Current/Common/Files/dev.wpc.nu/DocumentRoot/Administration/Desert.jpg -> URI: /dev.wpc.nu/DocumentRoot/Administration/Desert.jpg
[2011-10-25 14:59:08] [INFO] ConvertPathToURI: SiteRoot=d:/inetput/wpc/current/common/files, Path: D:/InetPub/Wpc/Current/Common/Files/dev.wpc.nu/DocumentRoot/Administration/Desert.jpg -> URI: /dev.wpc.nu/DocumentRoot/Administration/Desert.jpg
[2011-10-25 14:59:08] [INFO] ConvertPathToURI: SiteRoot=d:/inetput/wpc/current/common/files, Path: D:/InetPub/Wpc/Current/Common/Files/dev.wpc.nu/DocumentRoot/Administration/Desert.jpg -> URI: /dev.wpc.nu/DocumentRoot/Administration/Desert.jpg
[2011-10-25 14:59:21] [INFO] ConvertPathToURI: SiteRoot=d:/inetput/wpc/current/common/files, Path: D:/InetPub/Wpc/Current/Common/Files/dev.wpc.nu/DocumentRoot/Administration/mcic_ivi0ofq4yh4tzjarsczcwg45.jpg -> URI: /dev.wpc.nu/DocumentRoot/Administration/mcic_ivi0ofq4yh4tzjarsczcwg45.jpg
[2011-10-25 14:59:21] [INFO] ConvertPathToURI: SiteRoot=d:/inetput/wpc/current/common/files, Path: D:/InetPub/Wpc/Current/Common/Files/dev.wpc.nu/DocumentRoot/Administration/mcic_ivi0ofq4yh4tzjarsczcwg45.jpg -> URI: /dev.wpc.nu/DocumentRoot/Administration/mcic_ivi0ofq4yh4tzjarsczcwg45.jpg
[2011-10-25 14:59:32] [INFO] ConvertPathToURI: SiteRoot=d:/inetput/wpc/current/common/files, Path: D:/InetPub/Wpc/Current/Common/Files/dev.wpc.nu/DocumentRoot/Administration/Desert_thumb.jpg -> URI: /dev.wpc.nu/DocumentRoot/Administration/Desert_thumb.jpg
[2011-10-25 15:00:12] [INFO] ConvertPathToURI: SiteRoot=d:/inetput/wpc/current/common/files, Path: D:/InetPub/Wpc/Current/Common/Files/dev.wpc.nu/DocumentRoot/Administration/mcith/mcith_Desert_thumb.jpg -> URI: /dev.wpc.nu/DocumentRoot/Administration/mcith/mcith_Desert_thumb.jpg
[2011-10-25 15:00:12] [INFO] ConvertPathToURI: SiteRoot=d:/inetput/wpc/current/common/files, Path: D:/InetPub/Wpc/Current/Common/Files/dev.wpc.nu/DocumentRoot/Administration/Desert_thumb.jpg -> URI: /dev.wpc.nu/DocumentRoot/Administration/Desert_thumb.jpg
[2011-10-25 15:04:25] [INFO] ConvertPathToURI: SiteRoot=d:/inetput/wpc/current/common/files, Path: D:/InetPub/Wpc/Current/Common/Files/mcith/mcith_rockin-robin.jpg -> URI: /mcith/mcith_rockin-robin.jpg
[2011-10-25 15:04:25] [INFO] ConvertPathToURI: SiteRoot=d:/inetput/wpc/current/common/files, Path: D:/InetPub/Wpc/Current/Common/Files/rockin-robin.jpg -> URI: /rockin-robin.jpg
[2011-10-26 08:34:19] [INFO] ConvertPathToURI: SiteRoot=d:/inetput/wpc/current/common/files, Path: D:/InetPub/Wpc/Current/Common/Files/dev2.wpc.nu/css-graphics/mcith/mcith_safe-at-sea-logo.gif -> URI: /dev2.wpc.nu/css-graphics/mcith/mcith_safe-at-sea-logo.gif
[2011-10-26 08:34:19] [INFO] ConvertPathToURI: SiteRoot=d:/inetput/wpc/current/common/files, Path: D:/InetPub/Wpc/Current/Common/Files/dev2.wpc.nu/css-graphics/safe-at-sea-logo.gif -> URI: /dev2.wpc.nu/css-graphics/safe-at-sea-logo.gif
[2011-10-26 08:34:21] [INFO] ConvertPathToURI: SiteRoot=d:/inetput/wpc/current/common/files, Path: D:/InetPub/Wpc/Current/Common/Files/dev2.wpc.nu/css-graphics/mcith/mcith_language-tabs.gif -> URI: /dev2.wpc.nu/css-graphics/mcith/mcith_language-tabs.gif
[2011-10-26 08:34:21] [INFO] ConvertPathToURI: SiteRoot=d:/inetput/wpc/current/common/files, Path: D:/InetPub/Wpc/Current/Common/Files/dev2.wpc.nu/css-graphics/language-tabs.gif -> URI: /dev2.wpc.nu/css-graphics/language-tabs.gif
[2011-10-26 08:37:55] [INFO] ConvertPathToURI: SiteRoot=d:/inetput/wpc/current/common/files, Path: D:/InetPub/Wpc/Current/Common/Files/mcith/mcith_rockin-robin.jpg -> URI: /mcith/mcith_rockin-robin.jpg
[2011-10-26 08:37:55] [INFO] ConvertPathToURI: SiteRoot=d:/inetput/wpc/current/common/files, Path: D:/InetPub/Wpc/Current/Common/Files/rockin-robin.jpg -> URI: /rockin-robin.jpg
[2011-10-26 13:36:24] [INFO] ConvertPathToURI: SiteRoot=d:/inetput/wpc/current/common/files, Path: D:/InetPub/Wpc/Current/Common/Files/rockin-robin.jpg -> URI: /rockin-robin.jpg
[2011-10-26 13:36:24] [INFO] ConvertPathToURI: SiteRoot=d:/inetput/wpc/current/common/files, Path: D:/InetPub/Wpc/Current/Common/Files/rockin-robin.jpg -> URI: /rockin-robin.jpg
[2011-10-26 13:37:13] [INFO] ConvertPathToURI: SiteRoot=d:/inetput/wpc/current/common/files, Path: D:/InetPub/Wpc/Current/Common/Files/dev2.wpc.nu/images/rr-pressrelase.jpg -> URI: /dev2.wpc.nu/images/rr-pressrelase.jpg
[2011-10-26 13:37:13] [INFO] ConvertPathToURI: SiteRoot=d:/inetput/wpc/current/common/files, Path: D:/InetPub/Wpc/Current/Common/Files/dev2.wpc.nu/images/rr-pressrelase.jpg -> URI: /dev2.wpc.nu/images/rr-pressrelase.jpg
[2011-10-26 14:08:47] [INFO] ConvertPathToURI: SiteRoot=d:/inetput/wpc/current/common/files, Path: D:/InetPub/Wpc/Current/Common/Files/mcith/mcith_rockin-robin.jpg -> URI: /mcith/mcith_rockin-robin.jpg
[2011-10-26 14:08:47] [INFO] ConvertPathToURI: SiteRoot=d:/inetput/wpc/current/common/files, Path: D:/InetPub/Wpc/Current/Common/Files/rockin-robin.jpg -> URI: /rockin-robin.jpg
[2011-10-27 23:51:20] [INFO] ConvertPathToURI: SiteRoot=d:/inetput/wpc/current/common/files, Path: D:/InetPub/Wpc/Current/Common/Files/dev.wpc.nu/DocumentRoot/Administration/mcith/mcith_Desert_thumbsdsd.jpg -> URI: /dev.wpc.nu/DocumentRoot/Administration/mcith/mcith_Desert_thumbsdsd.jpg
[2011-10-27 23:51:20] [INFO] ConvertPathToURI: SiteRoot=d:/inetput/wpc/current/common/files, Path: D:/InetPub/Wpc/Current/Common/Files/dev.wpc.nu/DocumentRoot/Administration/Desert_thumbsdsd.jpg -> URI: /dev.wpc.nu/DocumentRoot/Administration/Desert_thumbsdsd.jpg
[2011-11-07 10:38:28] [INFO] ConvertPathToURI: SiteRoot=d:/inetput/wpc/current/common/files, Path: D:/Inetpub/Wpc/Current/Common/Files/dev2.wpc.nu/css-graphics/info-box-link-bg.gif -> URI: /dev2.wpc.nu/css-graphics/info-box-link-bg.gif
[2011-11-08 09:44:35] [INFO] ConvertPathToURI: SiteRoot=d:/inetput/wpc/current/common/files, Path: D:/Inetpub/Wpc/Current/Common/Files/dev2.wpc.nu/css-graphics/info-box-link-bg.gif -> URI: /dev2.wpc.nu/css-graphics/info-box-link-bg.gif
[2011-11-08 09:46:05] [INFO] ConvertPathToURI: SiteRoot=d:/inetput/wpc/current/common/files, Path: D:/Inetpub/Wpc/Current/Common/Files/dev2.wpc.nu/css-graphics/mcith/mcith_safe-at-sea-logo.gif -> URI: /dev2.wpc.nu/css-graphics/mcith/mcith_safe-at-sea-logo.gif
[2011-11-08 09:46:05] [INFO] ConvertPathToURI: SiteRoot=d:/inetput/wpc/current/common/files, Path: D:/Inetpub/Wpc/Current/Common/Files/dev2.wpc.nu/css-graphics/safe-at-sea-logo.gif -> URI: /dev2.wpc.nu/css-graphics/safe-at-sea-logo.gif
[2011-11-08 09:50:41] [INFO] ConvertPathToURI: SiteRoot=d:/inetput/wpc/current/common/files, Path: D:/Inetpub/Wpc/Current/Common/Files/dev2.wpc.nu/css-graphics/info-box-link-bg.gif -> URI: /dev2.wpc.nu/css-graphics/info-box-link-bg.gif
[2011-11-08 09:50:55] [INFO] ConvertPathToURI: SiteRoot=d:/inetput/wpc/current/common/files, Path: D:/Inetpub/Wpc/Current/Common/Files/dev2.wpc.nu/css-graphics/mcith/mcith_safe-at-sea-logo.gif -> URI: /dev2.wpc.nu/css-graphics/mcith/mcith_safe-at-sea-logo.gif
[2011-11-08 09:50:55] [INFO] ConvertPathToURI: SiteRoot=d:/inetput/wpc/current/common/files, Path: D:/Inetpub/Wpc/Current/Common/Files/dev2.wpc.nu/css-graphics/safe-at-sea-logo.gif -> URI: /dev2.wpc.nu/css-graphics/safe-at-sea-logo.gif
[2011-11-08 09:58:34] [INFO] ConvertPathToURI: SiteRoot=d:/inetput/wpc/current/common/files, Path: D:/Inetpub/Wpc/Current/Common/Files/dev2.wpc.nu/css-graphics/mcith/mcith_safe-at-sea-logo.gif -> URI: /dev2.wpc.nu/css-graphics/mcith/mcith_safe-at-sea-logo.gif
[2011-11-08 09:58:34] [INFO] ConvertPathToURI: SiteRoot=d:/inetput/wpc/current/common/files, Path: D:/Inetpub/Wpc/Current/Common/Files/dev2.wpc.nu/css-graphics/safe-at-sea-logo.gif -> URI: /dev2.wpc.nu/css-graphics/safe-at-sea-logo.gif
[2011-11-08 10:03:45] [INFO] ConvertPathToURI: SiteRoot=d:/inetput/wpc/current/common/files, Path: D:/Inetpub/Wpc/Current/Common/Files/dev2.wpc.nu/css-graphics/mcith/mcith_safe-at-sea-logo.gif -> URI: /dev2.wpc.nu/css-graphics/mcith/mcith_safe-at-sea-logo.gif
[2011-11-08 10:03:45] [INFO] ConvertPathToURI: SiteRoot=d:/inetput/wpc/current/common/files, Path: D:/Inetpub/Wpc/Current/Common/Files/dev2.wpc.nu/css-graphics/safe-at-sea-logo.gif -> URI: /dev2.wpc.nu/css-graphics/safe-at-sea-logo.gif
[2011-11-08 10:11:28] [INFO] ConvertPathToURI: SiteRoot=d:/inetput/wpc/current/common/files, Path: D:/Inetpub/Wpc/Current/Common/Files/dev2.wpc.nu/css-graphics/mcith/mcith_language-tabs.gif -> URI: /dev2.wpc.nu/css-graphics/mcith/mcith_language-tabs.gif
[2011-11-08 10:11:28] [INFO] ConvertPathToURI: SiteRoot=d:/inetput/wpc/current/common/files, Path: D:/Inetpub/Wpc/Current/Common/Files/dev2.wpc.nu/css-graphics/language-tabs.gif -> URI: /dev2.wpc.nu/css-graphics/language-tabs.gif
[2011-11-08 13:40:56] [INFO] ConvertPathToURI: SiteRoot=d:/inetput/wpc/current/common/files, Path: D:/Inetpub/Wpc/Current/Common/Files/dev2.wpc.nu/css-graphics/info-box-link-bg.gif -> URI: /dev2.wpc.nu/css-graphics/info-box-link-bg.gif
[2011-11-09 16:04:16] [INFO] ConvertPathToURI: SiteRoot=C:/Develop/WPC/trunk/Wysiwyg/Wysiwyg, Path: C:/Develop/WPC/trunk/Wysiwyg/Wysiwyg/Wysiwyg/Scripts/tiny_mce/plugins/imagemanager/files/mcith/mcith_teddybear.jpg -> URI: /Wysiwyg/Scripts/tiny_mce/plugins/imagemanager/files/mcith/mcith_teddybear.jpg
[2011-11-09 16:04:16] [INFO] ConvertPathToURI: SiteRoot=C:/Develop/WPC/trunk/Wysiwyg/Wysiwyg, Path: C:/Develop/WPC/trunk/Wysiwyg/Wysiwyg/Wysiwyg/Scripts/tiny_mce/plugins/imagemanager/files/teddybear.jpg -> URI: /Wysiwyg/Scripts/tiny_mce/plugins/imagemanager/files/teddybear.jpg
